mode: set
github.com/bbarrington0099/gosyn/main.go:48.38,51.22 3 1
github.com/bbarrington0099/gosyn/main.go:51.22,57.3 2 1
github.com/bbarrington0099/gosyn/main.go:58.2,63.22 2 1
github.com/bbarrington0099/gosyn/main.go:63.22,65.38 2 1
github.com/bbarrington0099/gosyn/main.go:65.38,66.25 1 1
github.com/bbarrington0099/gosyn/main.go:66.25,69.5 2 1
github.com/bbarrington0099/gosyn/main.go:73.2,73.17 1 1
github.com/bbarrington0099/gosyn/main.go:76.39,79.21 3 1
github.com/bbarrington0099/gosyn/main.go:79.21,81.3 1 1
github.com/bbarrington0099/gosyn/main.go:82.2,84.37 2 1
github.com/bbarrington0099/gosyn/main.go:85.11,86.14 1 1
github.com/bbarrington0099/gosyn/main.go:87.14,88.24 1 1
github.com/bbarrington0099/gosyn/main.go:88.24,90.4 1 0
github.com/bbarrington0099/gosyn/main.go:91.3,91.28 1 1
github.com/bbarrington0099/gosyn/main.go:92.14,93.14 1 1
github.com/bbarrington0099/gosyn/main.go:94.22,95.24 1 1
github.com/bbarrington0099/gosyn/main.go:95.24,97.4 1 0
github.com/bbarrington0099/gosyn/main.go:98.3,98.37 1 1
github.com/bbarrington0099/gosyn/main.go:99.14,100.14 1 1
github.com/bbarrington0099/gosyn/main.go:101.25,102.24 1 1
github.com/bbarrington0099/gosyn/main.go:102.24,105.4 2 1
github.com/bbarrington0099/gosyn/main.go:106.3,106.24 1 1
github.com/bbarrington0099/gosyn/main.go:106.24,108.4 1 0
github.com/bbarrington0099/gosyn/main.go:109.3,109.48 1 1
github.com/bbarrington0099/gosyn/main.go:110.10,113.24 1 1
github.com/bbarrington0099/gosyn/main.go:113.24,116.4 2 1
github.com/bbarrington0099/gosyn/main.go:117.3,117.48 1 1
github.com/bbarrington0099/gosyn/main.go:121.27,139.2 1 1
github.com/bbarrington0099/gosyn/main.go:141.48,143.31 2 1
github.com/bbarrington0099/gosyn/main.go:143.31,149.39 3 1
github.com/bbarrington0099/gosyn/main.go:149.39,150.19 1 1
github.com/bbarrington0099/gosyn/main.go:150.19,153.5 2 0
github.com/bbarrington0099/gosyn/main.go:154.4,155.12 2 1
github.com/bbarrington0099/gosyn/main.go:157.3,157.17 1 1
github.com/bbarrington0099/gosyn/main.go:157.17,159.4 1 1
github.com/bbarrington0099/gosyn/main.go:161.2,161.15 1 1
github.com/bbarrington0099/gosyn/main.go:164.78,166.31 2 1
github.com/bbarrington0099/gosyn/main.go:166.31,167.92 1 1
github.com/bbarrington0099/gosyn/main.go:167.92,171.40 2 1
github.com/bbarrington0099/gosyn/main.go:171.40,173.5 1 1
github.com/bbarrington0099/gosyn/main.go:174.4,174.22 1 1
github.com/bbarrington0099/gosyn/main.go:177.2,178.16 2 1
github.com/bbarrington0099/gosyn/main.go:181.89,183.31 2 1
github.com/bbarrington0099/gosyn/main.go:183.31,184.92 1 1
github.com/bbarrington0099/gosyn/main.go:184.92,185.40 1 1
github.com/bbarrington0099/gosyn/main.go:185.40,186.52 1 1
github.com/bbarrington0099/gosyn/main.go:186.52,192.6 1 1
github.com/bbarrington0099/gosyn/main.go:194.4,195.18 2 0
github.com/bbarrington0099/gosyn/main.go:198.2,199.16 2 1
github.com/bbarrington0099/gosyn/main.go:202.13,204.25 2 0
github.com/bbarrington0099/gosyn/main.go:204.25,206.3 1 0
github.com/bbarrington0099/gosyn/main.go:207.2,207.21 1 0
github.com/bbarrington0099/gosyn/main.go:210.39,1388.2 2 0
